<?xml version="1.0" encoding="utf-8" standalone="no"?>
<!--This file represents the results of running a test suite-->
<test-results name="C:\work\Evercraft\Evercraft_model_Specs\bin\Debug\Evercraft_model_Specs.dll" total="1" errors="0" failures="0" not-run="0" inconclusive="0" ignored="0" skipped="0" invalid="0" date="2012-01-13" time="19:36:46">
  <environment nunit-version="2.5.10.11092" clr-version="2.0.50727.5448" os-version="Microsoft Windows NT 6.1.7601 Service Pack 1" platform="Win32NT" cwd="C:\work\Evercraft\packages\NUnit.2.5.10.11092\tools" machine-name="VM-AACPM-2008" user="Seth" user-domain="VM-AACPM-2008" />
  <culture-info current-culture="en-US" current-uiculture="en-US" />
  <test-suite type="Assembly" name="C:\work\Evercraft\Evercraft_model_Specs\bin\Debug\Evercraft_model_Specs.dll" executed="True" result="Success" success="True" time="68.440" asserts="0">
    <results>
      <test-suite type="Namespace" name="Evercraft_model_Specs" executed="True" result="Success" success="True" time="68.439" asserts="0">
        <results>
          <test-suite type="TestFixture" name="CombatFeature" description="Combat" executed="True" result="Success" success="True" time="68.439" asserts="0">
            <results>
              <test-case name="Evercraft_model_Specs.CombatFeature.AttacksSucceedWhenTheAttackRollIsGreaterThanOrEqualToTheOpponentsArmorClass" description="Attacks succeed when the attack roll is greater than or equal to the opponents Armor Class" executed="True" result="Success" success="True" time="68.438" asserts="3" />
            </results>
          </test-suite>
        </results>
      </test-suite>
    </results>
  </test-suite>
</test-results>